*** Using Compiler 'V5.06 update 7 (build 960)', folder: 'C:\Keil_v5\ARM\ARMCC\Bin'
Rebuild target 'Target 1'
compiling system_stm32f10x.c...
compiling stm32f10x_dma.c...
compiling misc.c...
compiling stm32f10x_exti.c...
compiling self_stm32f10x.c...
compiling main.c...
compiling stm32f10x_adc.c...
compiling stm32f10x_flash.c...
assembling startup_stm32f10x_md.s...
compiling stm32f10x_gpio.c...
compiling stm32f10x_pwr.c...
compiling stm32f10x_usart.c...
compiling stm32f10x_rcc.c...
compiling stm32f10x_spi.c...
compiling bsp_spi.c...
compiling bsp_led.c...
compiling stm32f10x_tim.c...
compiling bsp_hard_delay.c...
compiling bsp_key.c...
compiling w25_flash.c...
compiling bsp_usart.c...
compiling ds18b20.c...
compiling oled12864.c...
linking...
Program Size: Code=10040 RO-data=2620 RW-data=124 ZI-data=2356  
".\Objects\OledClock.axf" - 0 Error(s), 0 Warning(s).
Build Time Elapsed:  00:00:06
